20160215113414 Cannot connect to COM1 at 9600
20160215113414 AUTOLOG! status: ready, low: , hi: , step: , ifm: , lvl: , obs: 
20160215113459 CMP started 
20160215113503 CMP stopped 
20160215113514 AUTOLOG! status: ready, low: 0, hi: , step: , ifm: None, lvl: None, obs: 
20160215113614 AUTOLOG! status: ready, low: 0, hi: 3000, step: 5, ifm: None, lvl: None, obs: 
20160215113714 AUTOLOG! status: ready, low: 0, hi: 3000, step: 5, ifm: None, lvl: None, obs: 
20160215113814 AUTOLOG! status: ready, low: 0, hi: 3000, step: 5, ifm: None, lvl: None, obs: 
20160215113914 AUTOLOG! status: ready, low: 0, hi: 3000, step: 5, ifm: None, lvl: None, obs: 
20160215114014 AUTOLOG! status: ready, low: 0, hi: 3000, step: 5, ifm: None, lvl: None, obs: 
20160215114114 AUTOLOG! status: ready, low: 0, hi: 3000, step: 5, ifm: None, lvl: None, obs: 
20160215114214 AUTOLOG! status: ready, low: 0, hi: 3000, step: 5, ifm: None, lvl: None, obs: 
20160215114314 AUTOLOG! status: ready, low: 0, hi: 3000, step: 5, ifm: None, lvl: None, obs: 
20160215114414 AUTOLOG! status: ready, low: 0, hi: 3000, step: 5, ifm: None, lvl: None, obs: 
20160215114515 AUTOLOG! status: ready, low: 0, hi: 3000, step: 5, ifm: None, lvl: None, obs: K
20160215114615 AUTOLOG! status: ready, low: , hi: , step: , ifm: , lvl: , obs: 
20160215114715 AUTOLOG! status: ready, low: , hi: , step: , ifm: , lvl: , obs: 
20160215114815 AUTOLOG! status: ready, low: , hi: , step: , ifm: , lvl: , obs: 
20160215114915 AUTOLOG! status: ready, low: , hi: , step: , ifm: , lvl: , obs: 
20160215115015 AUTOLOG! status: ready, low: , hi: , step: , ifm: , lvl: , obs: 
20160215115115 AUTOLOG! status: ready, low: , hi: , step: , ifm: , lvl: , obs: 
20160215115215 AUTOLOG! status: ready, low: , hi: , step: , ifm: , lvl: , obs: 
20160215115315 AUTOLOG! status: ready, low: , hi: , step: , ifm: , lvl: , obs: 
20160215115415 AUTOLOG! status: ready, low: , hi: , step: , ifm: , lvl: , obs: 
20160215115515 AUTOLOG! status: ready, low: , hi: , step: , ifm: , lvl: , obs: 
20160215115615 AUTOLOG! status: ready, low: , hi: , step: , ifm: , lvl: , obs: 
20160215115715 AUTOLOG! status: ready, low: , hi: , step: , ifm: , lvl: , obs: 
20160215115815 AUTOLOG! status: ready, low: , hi: , step: , ifm: , lvl: , obs: 
20160215115915 AUTOLOG! status: ready, low: , hi: , step: , ifm: , lvl: , obs: 
20160215120015 AUTOLOG! status: ready, low: , hi: , step: , ifm: , lvl: , obs: 
20160215120115 AUTOLOG! status: ready, low: , hi: , step: , ifm: , lvl: , obs: 
20160215120215 AUTOLOG! status: ready, low: , hi: , step: , ifm: , lvl: , obs: 
20160215120315 AUTOLOG! status: ready, low: , hi: , step: , ifm: , lvl: , obs: 
20160215120415 AUTOLOG! status: ready, low: , hi: , step: , ifm: , lvl: , obs: 
20160215120515 AUTOLOG! status: ready, low: , hi: , step: , ifm: , lvl: , obs: 
20160215120615 AUTOLOG! status: ready, low: , hi: , step: , ifm: , lvl: , obs: 
20160215120715 AUTOLOG! status: ready, low: , hi: , step: , ifm: , lvl: , obs: 
20160215120815 AUTOLOG! status: ready, low: , hi: , step: , ifm: , lvl: , obs: 
20160215120915 AUTOLOG! status: ready, low: , hi: , step: , ifm: , lvl: , obs: 
20160215121015 AUTOLOG! status: ready, low: , hi: , step: , ifm: , lvl: , obs: 
20160215121115 AUTOLOG! status: ready, low: , hi: , step: , ifm: , lvl: , obs: 
20160215121215 AUTOLOG! status: ready, low: , hi: , step: , ifm: , lvl: , obs: 
20160215121315 AUTOLOG! status: ready, low: , hi: , step: , ifm: , lvl: , obs: 
20160215121415 AUTOLOG! status: ready, low: , hi: , step: , ifm: , lvl: , obs: 
20160215121515 AUTOLOG! status: ready, low: , hi: , step: , ifm: , lvl: , obs: 
20160215121615 AUTOLOG! status: ready, low: , hi: , step: , ifm: , lvl: , obs: 
20160215121715 AUTOLOG! status: ready, low: , hi: , step: , ifm: , lvl: , obs: 
20160215121815 AUTOLOG! status: ready, low: , hi: , step: , ifm: , lvl: , obs: 
20160215121915 AUTOLOG! status: ready, low: , hi: , step: , ifm: , lvl: , obs: 
20160215122015 AUTOLOG! status: ready, low: , hi: , step: , ifm: , lvl: , obs: 
20160215122115 AUTOLOG! status: ready, low: , hi: , step: , ifm: , lvl: , obs: 
20160215122215 AUTOLOG! status: ready, low: , hi: , step: , ifm: , lvl: , obs: 
20160215122315 AUTOLOG! status: ready, low: , hi: , step: , ifm: , lvl: , obs: 
20160215122415 AUTOLOG! status: ready, low: , hi: , step: , ifm: , lvl: , obs: 
20160215122515 AUTOLOG! status: ready, low: , hi: , step: , ifm: , lvl: , obs: 
20160215122615 AUTOLOG! status: ready, low: , hi: , step: , ifm: , lvl: , obs: 
20160215122715 AUTOLOG! status: ready, low: , hi: , step: , ifm: , lvl: , obs: 
20160215122815 AUTOLOG! status: ready, low: , hi: , step: , ifm: , lvl: , obs: 
20160215122915 AUTOLOG! status: ready, low: , hi: , step: , ifm: , lvl: , obs: 
20160215123015 AUTOLOG! status: ready, low: , hi: , step: , ifm: , lvl: , obs: 
20160215123115 AUTOLOG! status: ready, low: , hi: , step: , ifm: , lvl: , obs: 
20160215123215 AUTOLOG! status: ready, low: , hi: , step: , ifm: , lvl: , obs: 
20160215123315 AUTOLOG! status: ready, low: , hi: , step: , ifm: , lvl: , obs: 
20160215123415 AUTOLOG! status: ready, low: , hi: , step: , ifm: , lvl: , obs: 
20160215123515 AUTOLOG! status: ready, low: , hi: , step: , ifm: , lvl: , obs: 
20160215123615 AUTOLOG! status: ready, low: , hi: , step: , ifm: , lvl: , obs: 
20160215123716 AUTOLOG! status: ready, low: , hi: , step: , ifm: , lvl: , obs: 
20160215123816 AUTOLOG! status: ready, low: , hi: , step: , ifm: , lvl: , obs: 
20160215123916 AUTOLOG! status: ready, low: , hi: , step: , ifm: , lvl: , obs: 
20160215124016 AUTOLOG! status: ready, low: , hi: , step: , ifm: , lvl: , obs: 
20160215124116 AUTOLOG! status: ready, low: , hi: , step: , ifm: , lvl: , obs: 
20160215124216 AUTOLOG! status: ready, low: , hi: , step: , ifm: , lvl: , obs: 
20160215124316 AUTOLOG! status: ready, low: , hi: , step: , ifm: , lvl: , obs: 
20160215124416 AUTOLOG! status: ready, low: , hi: , step: , ifm: , lvl: , obs: 
20160215124516 AUTOLOG! status: ready, low: , hi: , step: , ifm: , lvl: , obs: 
20160215124616 AUTOLOG! status: ready, low: , hi: , step: , ifm: , lvl: , obs: 
20160215124716 AUTOLOG! status: ready, low: , hi: , step: , ifm: , lvl: , obs: 
20160215124816 AUTOLOG! status: ready, low: , hi: , step: , ifm: , lvl: , obs: 
20160215124916 AUTOLOG! status: ready, low: , hi: , step: , ifm: , lvl: , obs: 
20160215202709 AUTOLOG! status: ready, low: , hi: , step: , ifm: , lvl: , obs: 
20160215202809 AUTOLOG! status: ready, low: , hi: , step: , ifm: , lvl: , obs: 
20160215202909 AUTOLOG! status: ready, low: , hi: , step: , ifm: , lvl: , obs: 
20160215203009 AUTOLOG! status: ready, low: , hi: , step: , ifm: , lvl: , obs: 
20160215203109 AUTOLOG! status: ready, low: , hi: , step: , ifm: , lvl: , obs: 
20160215203209 AUTOLOG! status: ready, low: , hi: , step: , ifm: , lvl: , obs: 
20160215203309 AUTOLOG! status: ready, low: , hi: , step: , ifm: , lvl: , obs: 
20160215203409 AUTOLOG! status: ready, low: , hi: , step: , ifm: , lvl: , obs: 
20160215203509 AUTOLOG! status: ready, low: , hi: , step: , ifm: , lvl: , obs: 
20160215203609 AUTOLOG! status: ready, low: , hi: , step: , ifm: , lvl: , obs: 
20160215203709 AUTOLOG! status: ready, low: , hi: , step: , ifm: , lvl: , obs: 
20160215203809 AUTOLOG! status: ready, low: , hi: , step: , ifm: , lvl: , obs: 
20160215203909 AUTOLOG! status: ready, low: , hi: , step: , ifm: , lvl: , obs: 
20160215204009 AUTOLOG! status: ready, low: , hi: , step: , ifm: , lvl: , obs: 
20160215204109 AUTOLOG! status: ready, low: , hi: , step: , ifm: , lvl: , obs: 
20160215204209 AUTOLOG! status: ready, low: , hi: , step: , ifm: , lvl: , obs: 
20160215204309 AUTOLOG! status: ready, low: , hi: , step: , ifm: , lvl: , obs: 
20160215204409 AUTOLOG! status: ready, low: , hi: , step: , ifm: , lvl: , obs: 
20160215204509 AUTOLOG! status: ready, low: , hi: , step: , ifm: , lvl: , obs: 
20160215204609 AUTOLOG! status: ready, low: , hi: , step: , ifm: , lvl: , obs: 
20160215204709 AUTOLOG! status: ready, low: , hi: , step: , ifm: , lvl: , obs: 
20160215204809 AUTOLOG! status: ready, low: , hi: , step: , ifm: , lvl: , obs: 
20160215204909 AUTOLOG! status: ready, low: , hi: , step: , ifm: , lvl: , obs: 
20160215205009 AUTOLOG! status: ready, low: , hi: , step: , ifm: , lvl: , obs: 
20160215205109 AUTOLOG! status: ready, low: , hi: , step: , ifm: , lvl: , obs: 
20160215205209 AUTOLOG! status: ready, low: , hi: , step: , ifm: , lvl: , obs: 
20160215205309 AUTOLOG! status: ready, low: , hi: , step: , ifm: , lvl: , obs: 
20160215205409 AUTOLOG! status: ready, low: , hi: , step: , ifm: , lvl: , obs: 
20160215205509 AUTOLOG! status: ready, low: , hi: , step: , ifm: , lvl: , obs: 
20160215205609 AUTOLOG! status: ready, low: , hi: , step: , ifm: , lvl: , obs: 
20160215205709 AUTOLOG! status: ready, low: , hi: , step: , ifm: , lvl: , obs: 
20160215205809 AUTOLOG! status: ready, low: , hi: , step: , ifm: , lvl: , obs: 
20160215205909 AUTOLOG! status: ready, low: , hi: , step: , ifm: , lvl: , obs: 
20160215210009 AUTOLOG! status: ready, low: , hi: , step: , ifm: , lvl: , obs: 
20160215210109 AUTOLOG! status: ready, low: , hi: , step: , ifm: , lvl: , obs: 
20160215210210 AUTOLOG! status: ready, low: , hi: , step: , ifm: , lvl: , obs: 
20160215210310 AUTOLOG! status: ready, low: , hi: , step: , ifm: , lvl: , obs: 
20160215210410 AUTOLOG! status: ready, low: , hi: , step: , ifm: , lvl: , obs: 
20160215210510 AUTOLOG! status: ready, low: , hi: , step: , ifm: , lvl: , obs: 
20160215210610 AUTOLOG! status: ready, low: , hi: , step: , ifm: , lvl: , obs: 
20160215210710 AUTOLOG! status: ready, low: , hi: , step: , ifm: , lvl: , obs: 
20160215210810 AUTOLOG! status: ready, low: , hi: , step: , ifm: , lvl: , obs: 
20160215210910 AUTOLOG! status: ready, low: , hi: , step: , ifm: , lvl: , obs: 
20160215211010 AUTOLOG! status: ready, low: , hi: , step: , ifm: , lvl: , obs: 
20160215211110 AUTOLOG! status: ready, low: , hi: , step: , ifm: , lvl: , obs: 
20160215211210 AUTOLOG! status: ready, low: , hi: , step: , ifm: , lvl: , obs: 
20160215211310 AUTOLOG! status: ready, low: , hi: , step: , ifm: , lvl: , obs: 
20160215211410 AUTOLOG! status: ready, low: , hi: , step: , ifm: , lvl: , obs: 
20160215211510 AUTOLOG! status: ready, low: , hi: , step: , ifm: , lvl: , obs: 
20160215211610 AUTOLOG! status: ready, low: , hi: , step: , ifm: , lvl: , obs: 
20160215211710 AUTOLOG! status: ready, low: , hi: , step: , ifm: , lvl: , obs: 
20160215211810 AUTOLOG! status: ready, low: , hi: , step: , ifm: , lvl: , obs: 
20160215211910 AUTOLOG! status: ready, low: , hi: , step: , ifm: , lvl: , obs: 
20160215212010 AUTOLOG! status: ready, low: , hi: , step: , ifm: , lvl: , obs: 
20160215212110 AUTOLOG! status: ready, low: , hi: , step: , ifm: , lvl: , obs: 
20160215212210 AUTOLOG! status: ready, low: , hi: , step: , ifm: , lvl: , obs: 
20160215212310 AUTOLOG! status: ready, low: , hi: , step: , ifm: , lvl: , obs: 
20160215212410 AUTOLOG! status: ready, low: , hi: , step: , ifm: , lvl: , obs: 
20160215212510 AUTOLOG! status: ready, low: , hi: , step: , ifm: , lvl: , obs: 
20160215212610 AUTOLOG! status: ready, low: , hi: , step: , ifm: , lvl: , obs: 
20160215212710 AUTOLOG! status: ready, low: , hi: , step: , ifm: , lvl: , obs: 
20160215212810 AUTOLOG! status: ready, low: , hi: , step: , ifm: , lvl: , obs: 
20160215212910 AUTOLOG! status: ready, low: , hi: , step: , ifm: , lvl: , obs: 
20160215213010 AUTOLOG! status: ready, low: , hi: , step: , ifm: , lvl: , obs: 
20160215213110 AUTOLOG! status: ready, low: , hi: , step: , ifm: , lvl: , obs: 
20160215213210 AUTOLOG! status: ready, low: , hi: , step: , ifm: , lvl: , obs: 
20160215213310 AUTOLOG! status: ready, low: , hi: , step: , ifm: , lvl: , obs: 
20160215213410 AUTOLOG! status: ready, low: , hi: , step: , ifm: , lvl: , obs: 
20160215213510 AUTOLOG! status: ready, low: , hi: , step: , ifm: , lvl: , obs: 
20160215213610 AUTOLOG! status: ready, low: , hi: , step: , ifm: , lvl: , obs: 
20160215213710 AUTOLOG! status: ready, low: , hi: , step: , ifm: , lvl: , obs: 
20160215213810 AUTOLOG! status: ready, low: , hi: , step: , ifm: , lvl: , obs: 
20160215213910 AUTOLOG! status: ready, low: , hi: , step: , ifm: , lvl: , obs: 
20160215214010 AUTOLOG! status: ready, low: , hi: , step: , ifm: , lvl: , obs: 
20160215214110 AUTOLOG! status: ready, low: , hi: , step: , ifm: , lvl: , obs: 
20160215214210 AUTOLOG! status: ready, low: , hi: , step: , ifm: , lvl: , obs: 
20160215214310 AUTOLOG! status: ready, low: , hi: , step: , ifm: , lvl: , obs: 
20160215214410 AUTOLOG! status: ready, low: , hi: , step: , ifm: , lvl: , obs: 
20160215214511 AUTOLOG! status: ready, low: , hi: , step: , ifm: , lvl: , obs: 
20160215214611 AUTOLOG! status: ready, low: , hi: , step: , ifm: , lvl: , obs: 
20160215214711 AUTOLOG! status: ready, low: , hi: , step: , ifm: , lvl: , obs: 
20160215214811 AUTOLOG! status: ready, low: , hi: , step: , ifm: , lvl: , obs: 
20160215214911 AUTOLOG! status: ready, low: , hi: , step: , ifm: , lvl: , obs: 
20160215215011 AUTOLOG! status: ready, low: , hi: , step: , ifm: , lvl: , obs: 
20160215215111 AUTOLOG! status: ready, low: , hi: , step: , ifm: , lvl: , obs: 
20160215215211 AUTOLOG! status: ready, low: , hi: , step: , ifm: , lvl: , obs: 
20160215215311 AUTOLOG! status: ready, low: , hi: , step: , ifm: , lvl: , obs: 
20160215215411 AUTOLOG! status: ready, low: , hi: , step: , ifm: , lvl: , obs: 
20160215215511 AUTOLOG! status: ready, low: , hi: , step: , ifm: , lvl: , obs: 
20160215215611 AUTOLOG! status: ready, low: , hi: , step: , ifm: , lvl: , obs: 
20160215215711 AUTOLOG! status: ready, low: , hi: , step: , ifm: , lvl: , obs: 
20160215215811 AUTOLOG! status: ready, low: , hi: , step: , ifm: , lvl: , obs: 
20160215215911 AUTOLOG! status: ready, low: , hi: , step: , ifm: , lvl: , obs: 
20160215220011 AUTOLOG! status: ready, low: , hi: , step: , ifm: , lvl: , obs: 
20160215221220 AUTOLOG! status: ready, low: , hi: , step: , ifm: , lvl: , obs: 
20160215221320 AUTOLOG! status: ready, low: , hi: , step: , ifm: , lvl: , obs: 
20160215221420 AUTOLOG! status: ready, low: , hi: , step: , ifm: , lvl: , obs: 
20160215221520 AUTOLOG! status: ready, low: , hi: , step: , ifm: , lvl: , obs: 
20160215221620 AUTOLOG! status: ready, low: , hi: , step: , ifm: , lvl: , obs: 
20160215221720 AUTOLOG! status: ready, low: , hi: , step: , ifm: , lvl: , obs: 
20160215221820 AUTOLOG! status: ready, low: , hi: , step: , ifm: , lvl: , obs: 
20160215221920 AUTOLOG! status: ready, low: , hi: , step: , ifm: , lvl: , obs: 
20160215222020 AUTOLOG! status: ready, low: , hi: , step: , ifm: , lvl: , obs: 
20160215222121 AUTOLOG! status: ready, low: , hi: , step: , ifm: , lvl: , obs: 
20160215222221 AUTOLOG! status: ready, low: , hi: , step: , ifm: , lvl: , obs: 
20160215222321 AUTOLOG! status: ready, low: , hi: , step: , ifm: , lvl: , obs: 
20160215222421 AUTOLOG! status: ready, low: , hi: , step: , ifm: , lvl: , obs: 
20160215222521 AUTOLOG! status: ready, low: , hi: , step: , ifm: , lvl: , obs: 
20160215222621 AUTOLOG! status: ready, low: , hi: , step: , ifm: , lvl: , obs: 
20160215222721 AUTOLOG! status: ready, low: , hi: , step: , ifm: , lvl: , obs: 
20160215222821 AUTOLOG! status: ready, low: , hi: , step: , ifm: , lvl: , obs: 
20160215222921 AUTOLOG! status: ready, low: , hi: , step: , ifm: , lvl: , obs: 
20160215223021 AUTOLOG! status: ready, low: , hi: , step: , ifm: , lvl: , obs: 
20160215223121 AUTOLOG! status: ready, low: , hi: , step: , ifm: , lvl: , obs: 
20160215223221 AUTOLOG! status: ready, low: , hi: , step: , ifm: , lvl: , obs: 
20160215223321 AUTOLOG! status: ready, low: , hi: , step: , ifm: , lvl: , obs: 
20160215223421 AUTOLOG! status: ready, low: , hi: , step: , ifm: , lvl: , obs: 
20160215223521 AUTOLOG! status: ready, low: , hi: , step: , ifm: , lvl: , obs: 
20160215223621 AUTOLOG! status: ready, low: , hi: , step: , ifm: , lvl: , obs: 
20160215223721 AUTOLOG! status: ready, low: , hi: , step: , ifm: , lvl: , obs: 
20160215223821 AUTOLOG! status: ready, low: , hi: , step: , ifm: , lvl: , obs: 
20160215223921 AUTOLOG! status: ready, low: , hi: , step: , ifm: , lvl: , obs: 
20160215224021 AUTOLOG! status: ready, low: , hi: , step: , ifm: , lvl: , obs: 
20160215224121 AUTOLOG! status: ready, low: , hi: , step: , ifm: , lvl: , obs: 
20160215224221 AUTOLOG! status: ready, low: , hi: , step: , ifm: , lvl: , obs: 
20160215224321 AUTOLOG! status: ready, low: , hi: , step: , ifm: , lvl: , obs: 
20160215224421 AUTOLOG! status: ready, low: , hi: , step: , ifm: , lvl: , obs: 
20160215224521 AUTOLOG! status: ready, low: , hi: , step: , ifm: , lvl: , obs: 
20160215224621 AUTOLOG! status: ready, low: , hi: , step: , ifm: , lvl: , obs: 
20160215224721 AUTOLOG! status: ready, low: , hi: , step: , ifm: , lvl: , obs: 
20160215224821 AUTOLOG! status: ready, low: , hi: , step: , ifm: , lvl: , obs: 
20160215224921 AUTOLOG! status: ready, low: , hi: , step: , ifm: , lvl: , obs: 
20160215225021 AUTOLOG! status: ready, low: , hi: , step: , ifm: , lvl: , obs: 
20160215225121 AUTOLOG! status: ready, low: , hi: , step: , ifm: , lvl: , obs: 
20160215225221 AUTOLOG! status: ready, low: , hi: , step: , ifm: , lvl: , obs: 
20160215225321 AUTOLOG! status: ready, low: , hi: , step: , ifm: , lvl: , obs: 
20160215225421 AUTOLOG! status: ready, low: , hi: , step: , ifm: , lvl: , obs: 
20160215225521 AUTOLOG! status: ready, low: , hi: , step: , ifm: , lvl: , obs: 
20160215225621 AUTOLOG! status: ready, low: , hi: , step: , ifm: , lvl: , obs: 
20160215225721 AUTOLOG! status: ready, low: , hi: , step: , ifm: , lvl: , obs: 
20160215225821 AUTOLOG! status: ready, low: , hi: , step: , ifm: , lvl: , obs: 
20160215225921 AUTOLOG! status: ready, low: , hi: , step: , ifm: , lvl: , obs: 
20160215230021 AUTOLOG! status: ready, low: , hi: , step: , ifm: , lvl: , obs: 
20160215230121 AUTOLOG! status: ready, low: , hi: , step: , ifm: , lvl: , obs: 
20160215230221 AUTOLOG! status: ready, low: , hi: , step: , ifm: , lvl: , obs: 
20160215230321 AUTOLOG! status: ready, low: , hi: , step: , ifm: , lvl: , obs: 
20160215230421 AUTOLOG! status: ready, low: , hi: , step: , ifm: , lvl: , obs: 
20160215230521 AUTOLOG! status: ready, low: , hi: , step: , ifm: , lvl: , obs: 
20160215230621 AUTOLOG! status: ready, low: , hi: , step: , ifm: , lvl: , obs: 
20160215230721 AUTOLOG! status: ready, low: , hi: , step: , ifm: , lvl: , obs: 
20160215230821 AUTOLOG! status: ready, low: , hi: , step: , ifm: , lvl: , obs: 
20160215230921 AUTOLOG! status: ready, low: , hi: , step: , ifm: , lvl: , obs: 
20160215231022 AUTOLOG! status: ready, low: , hi: , step: , ifm: , lvl: , obs: 
20160215231122 AUTOLOG! status: ready, low: , hi: , step: , ifm: , lvl: , obs: 
20160215231222 AUTOLOG! status: ready, low: , hi: , step: , ifm: , lvl: , obs: 
20160215231322 AUTOLOG! status: ready, low: , hi: , step: , ifm: , lvl: , obs: 
20160215231422 AUTOLOG! status: ready, low: , hi: , step: , ifm: , lvl: , obs: 
20160215231522 AUTOLOG! status: ready, low: , hi: , step: , ifm: , lvl: , obs: 
20160215231622 AUTOLOG! status: ready, low: , hi: , step: , ifm: , lvl: , obs: 
20160215231722 AUTOLOG! status: ready, low: , hi: , step: , ifm: , lvl: , obs: 
20160215232932 AUTOLOG! status: ready, low: , hi: , step: , ifm: , lvl: , obs: 
20160215233032 AUTOLOG! status: ready, low: , hi: , step: , ifm: , lvl: , obs: 
20160215233132 AUTOLOG! status: ready, low: , hi: , step: , ifm: , lvl: , obs: 
20160215233232 AUTOLOG! status: ready, low: , hi: , step: , ifm: , lvl: , obs: 
20160215233332 AUTOLOG! status: ready, low: , hi: , step: , ifm: , lvl: , obs: 
20160216121715 AUTOLOG! status: ready, low: , hi: , step: , ifm: , lvl: , obs: 
20160216121815 AUTOLOG! status: ready, low: , hi: , step: , ifm: , lvl: , obs: 
20160216121915 AUTOLOG! status: ready, low: , hi: , step: , ifm: , lvl: , obs: 
20160216122015 AUTOLOG! status: ready, low: , hi: , step: , ifm: , lvl: , obs: 
20160216122115 AUTOLOG! status: ready, low: , hi: , step: , ifm: , lvl: , obs: 
20160216122215 AUTOLOG! status: ready, low: , hi: , step: , ifm: , lvl: , obs: 
20160216122315 AUTOLOG! status: ready, low: , hi: , step: , ifm: , lvl: , obs: 
20160216122415 AUTOLOG! status: ready, low: , hi: , step: , ifm: , lvl: , obs: 
20160216122515 AUTOLOG! status: ready, low: , hi: , step: , ifm: , lvl: , obs: 
20160216122616 AUTOLOG! status: ready, low: , hi: , step: , ifm: , lvl: , obs: 
20160216122716 AUTOLOG! status: ready, low: , hi: , step: , ifm: , lvl: , obs: 
20160216122816 AUTOLOG! status: ready, low: , hi: , step: , ifm: , lvl: , obs: 
20160216122916 AUTOLOG! status: ready, low: , hi: , step: , ifm: , lvl: , obs: 
20160216123016 AUTOLOG! status: ready, low: , hi: , step: , ifm: , lvl: , obs: 
20160216123116 AUTOLOG! status: ready, low: , hi: , step: , ifm: , lvl: , obs: 
20160216123216 AUTOLOG! status: ready, low: , hi: , step: , ifm: , lvl: , obs: 
20160216123316 AUTOLOG! status: ready, low: , hi: , step: , ifm: , lvl: , obs: 
20160216123416 AUTOLOG! status: ready, low: , hi: , step: , ifm: , lvl: , obs: 
20160216123516 AUTOLOG! status: ready, low: , hi: , step: , ifm: , lvl: , obs: 
20160216123616 AUTOLOG! status: ready, low: , hi: , step: , ifm: , lvl: , obs: 
20160216123716 AUTOLOG! status: ready, low: , hi: , step: , ifm: , lvl: , obs: 
20160216123816 AUTOLOG! status: ready, low: , hi: , step: , ifm: , lvl: , obs: 
20160216123916 AUTOLOG! status: ready, low: , hi: , step: , ifm: , lvl: , obs: 
20160216124016 AUTOLOG! status: ready, low: , hi: , step: , ifm: , lvl: , obs: 
20160216124116 AUTOLOG! status: ready, low: , hi: , step: , ifm: , lvl: , obs: 
20160216124216 AUTOLOG! status: ready, low: , hi: , step: , ifm: , lvl: , obs: 
20160216124316 AUTOLOG! status: ready, low: , hi: , step: , ifm: , lvl: , obs: 
20160216124416 AUTOLOG! status: ready, low: , hi: , step: , ifm: , lvl: , obs: 
20160216124516 AUTOLOG! status: ready, low: , hi: , step: , ifm: , lvl: , obs: 
20160216124616 AUTOLOG! status: ready, low: , hi: , step: , ifm: , lvl: , obs: 
20160216124716 AUTOLOG! status: ready, low: , hi: , step: , ifm: , lvl: , obs: 
20160216124816 AUTOLOG! status: ready, low: , hi: , step: , ifm: , lvl: , obs: 
20160216124916 AUTOLOG! status: ready, low: , hi: , step: , ifm: , lvl: , obs: 
20160216125016 AUTOLOG! status: ready, low: , hi: , step: , ifm: , lvl: , obs: 
20160216125116 AUTOLOG! status: ready, low: , hi: , step: , ifm: , lvl: , obs: 
20160216125216 AUTOLOG! status: ready, low: , hi: , step: , ifm: , lvl: , obs: 
20160216125316 AUTOLOG! status: ready, low: , hi: , step: , ifm: , lvl: , obs: 
20160216125417 AUTOLOG! status: ready, low: , hi: , step: , ifm: , lvl: , obs: 
20160216125517 AUTOLOG! status: ready, low: , hi: , step: , ifm: , lvl: , obs: 
20160216125617 AUTOLOG! status: ready, low: , hi: , step: , ifm: , lvl: , obs: 
20160216125717 AUTOLOG! status: ready, low: , hi: , step: , ifm: , lvl: , obs: 
20160216125817 AUTOLOG! status: ready, low: , hi: , step: , ifm: , lvl: , obs: 
20160216125917 AUTOLOG! status: ready, low: , hi: , step: , ifm: , lvl: , obs: 
20160216130017 AUTOLOG! status: ready, low: , hi: , step: , ifm: , lvl: , obs: 
20160216130117 AUTOLOG! status: ready, low: , hi: , step: , ifm: , lvl: , obs: 
20160216130217 AUTOLOG! status: ready, low: , hi: , step: , ifm: , lvl: , obs: 
20160216130317 AUTOLOG! status: ready, low: , hi: , step: , ifm: , lvl: , obs: 
20160216130417 AUTOLOG! status: ready, low: , hi: , step: , ifm: , lvl: , obs: 
20160216130517 AUTOLOG! status: ready, low: , hi: , step: , ifm: , lvl: , obs: 
20160216130617 AUTOLOG! status: ready, low: , hi: , step: , ifm: , lvl: , obs: 
20160216130717 AUTOLOG! status: ready, low: , hi: , step: , ifm: , lvl: , obs: 
20160216130817 AUTOLOG! status: ready, low: , hi: , step: , ifm: , lvl: , obs: 
20160216130917 AUTOLOG! status: ready, low: , hi: , step: , ifm: , lvl: , obs: 
20160216131017 AUTOLOG! status: ready, low: , hi: , step: , ifm: , lvl: , obs: 
20160216131117 AUTOLOG! status: ready, low: , hi: , step: , ifm: , lvl: , obs: 
20160216131217 AUTOLOG! status: ready, low: , hi: , step: , ifm: , lvl: , obs: 
20160216131317 AUTOLOG! status: ready, low: , hi: , step: , ifm: , lvl: , obs: 
20160216131417 AUTOLOG! status: ready, low: , hi: , step: , ifm: , lvl: , obs: 
20160216131517 AUTOLOG! status: ready, low: , hi: , step: , ifm: , lvl: , obs: 
20160216131617 AUTOLOG! status: ready, low: , hi: , step: , ifm: , lvl: , obs: 
20160216131717 AUTOLOG! status: ready, low: , hi: , step: , ifm: , lvl: , obs: 
20160216131817 AUTOLOG! status: ready, low: , hi: , step: , ifm: , lvl: , obs: 
20160216131917 AUTOLOG! status: ready, low: , hi: , step: , ifm: , lvl: , obs: 
20160216132017 AUTOLOG! status: ready, low: , hi: , step: , ifm: , lvl: , obs: 
20160216132117 AUTOLOG! status: ready, low: , hi: , step: , ifm: , lvl: , obs: 
20160216132217 AUTOLOG! status: ready, low: , hi: , step: , ifm: , lvl: , obs: 
20160216132317 AUTOLOG! status: ready, low: , hi: , step: , ifm: , lvl: , obs: 
20160216132417 AUTOLOG! status: ready, low: , hi: , step: , ifm: , lvl: , obs: 
20160216132517 AUTOLOG! status: ready, low: , hi: , step: , ifm: , lvl: , obs: 
20160216132617 AUTOLOG! status: ready, low: , hi: , step: , ifm: , lvl: , obs: 
20160216132717 AUTOLOG! status: ready, low: , hi: , step: , ifm: , lvl: , obs: 
20160216132817 AUTOLOG! status: ready, low: , hi: , step: , ifm: , lvl: , obs: 
20160216132917 AUTOLOG! status: ready, low: , hi: , step: , ifm: , lvl: , obs: 
20160216133017 AUTOLOG! status: ready, low: , hi: , step: , ifm: , lvl: , obs: 
20160216133117 AUTOLOG! status: ready, low: , hi: , step: , ifm: , lvl: , obs: 
20160216133217 AUTOLOG! status: ready, low: , hi: , step: , ifm: , lvl: , obs: 
20160216133317 AUTOLOG! status: ready, low: , hi: , step: , ifm: , lvl: , obs: 
20160216133418 AUTOLOG! status: ready, low: , hi: , step: , ifm: , lvl: , obs: 
20160216133518 AUTOLOG! status: ready, low: , hi: , step: , ifm: , lvl: , obs: 
20160216133618 AUTOLOG! status: ready, low: , hi: , step: , ifm: , lvl: , obs: 
20160216133718 AUTOLOG! status: ready, low: , hi: , step: , ifm: , lvl: , obs: 
20160216133818 AUTOLOG! status: ready, low: , hi: , step: , ifm: , lvl: , obs: 
20160216133918 AUTOLOG! status: ready, low: , hi: , step: , ifm: , lvl: , obs: 
20160216134018 AUTOLOG! status: ready, low: , hi: , step: , ifm: , lvl: , obs: 
20160216134118 AUTOLOG! status: ready, low: , hi: , step: , ifm: , lvl: , obs: 
20160216134218 AUTOLOG! status: ready, low: , hi: , step: , ifm: , lvl: , obs: 
20160216134318 AUTOLOG! status: ready, low: , hi: , step: , ifm: , lvl: , obs: 
20160216134418 AUTOLOG! status: ready, low: , hi: , step: , ifm: , lvl: , obs: 
20160216134518 AUTOLOG! status: ready, low: , hi: , step: , ifm: , lvl: , obs: 
20160216134618 AUTOLOG! status: ready, low: , hi: , step: , ifm: , lvl: , obs: 
20160216134718 AUTOLOG! status: ready, low: , hi: , step: , ifm: , lvl: , obs: 
20160216134818 AUTOLOG! status: ready, low: , hi: , step: , ifm: , lvl: , obs: 
20160216134918 AUTOLOG! status: ready, low: , hi: , step: , ifm: , lvl: , obs: 
20160216135018 AUTOLOG! status: ready, low: , hi: , step: , ifm: , lvl: , obs: 
20160216135118 AUTOLOG! status: ready, low: , hi: , step: , ifm: , lvl: , obs: 
20160216135218 AUTOLOG! status: ready, low: , hi: , step: , ifm: , lvl: , obs: 
20160216135318 AUTOLOG! status: ready, low: , hi: , step: , ifm: , lvl: , obs: 
20160216135418 AUTOLOG! status: ready, low: , hi: , step: , ifm: , lvl: , obs: 
20160216135518 AUTOLOG! status: ready, low: , hi: , step: , ifm: , lvl: , obs: 
20160216135618 AUTOLOG! status: ready, low: , hi: , step: , ifm: , lvl: , obs: 
20160216135718 AUTOLOG! status: ready, low: , hi: , step: , ifm: , lvl: , obs: 
20160216135818 AUTOLOG! status: ready, low: , hi: , step: , ifm: , lvl: , obs: 
20160216135918 AUTOLOG! status: ready, low: , hi: , step: , ifm: , lvl: , obs: 
20160216140018 AUTOLOG! status: ready, low: , hi: , step: , ifm: , lvl: , obs: 
20160216140118 AUTOLOG! status: ready, low: , hi: , step: , ifm: , lvl: , obs: 
20160216140218 AUTOLOG! status: ready, low: , hi: , step: , ifm: , lvl: , obs: 
20160216140318 AUTOLOG! status: ready, low: , hi: , step: , ifm: , lvl: , obs: 
20160216140418 AUTOLOG! status: ready, low: , hi: , step: , ifm: , lvl: , obs: 
20160216140518 AUTOLOG! status: ready, low: , hi: , step: , ifm: , lvl: , obs: 
20160216140618 AUTOLOG! status: ready, low: , hi: , step: , ifm: , lvl: , obs: 
20160216140718 AUTOLOG! status: ready, low: , hi: , step: , ifm: , lvl: , obs: 
20160216140818 AUTOLOG! status: ready, low: , hi: , step: , ifm: , lvl: , obs: 
20160216140918 AUTOLOG! status: ready, low: , hi: , step: , ifm: , lvl: , obs: 
20160216141018 AUTOLOG! status: ready, low: , hi: , step: , ifm: , lvl: , obs: 
20160216141118 AUTOLOG! status: ready, low: , hi: , step: , ifm: , lvl: , obs: 
20160216141218 AUTOLOG! status: ready, low: , hi: , step: , ifm: , lvl: , obs: 
20160216141318 AUTOLOG! status: ready, low: , hi: , step: , ifm: , lvl: , obs: 
20160216141419 AUTOLOG! status: ready, low: , hi: , step: , ifm: , lvl: , obs: 
20160216141519 AUTOLOG! status: ready, low: , hi: , step: , ifm: , lvl: , obs: 
20160216141619 AUTOLOG! status: ready, low: , hi: , step: , ifm: , lvl: , obs: 
20160216141719 AUTOLOG! status: ready, low: , hi: , step: , ifm: , lvl: , obs: 
20160216141819 AUTOLOG! status: ready, low: , hi: , step: , ifm: , lvl: , obs: 
20160216141919 AUTOLOG! status: ready, low: , hi: , step: , ifm: , lvl: , obs: 
20160216191522 AUTOLOG! status: ready, low: , hi: , step: , ifm: , lvl: , obs: 
20160216191623 AUTOLOG! status: ready, low: , hi: , step: , ifm: , lvl: , obs: 
20160216191723 AUTOLOG! status: ready, low: , hi: , step: , ifm: , lvl: , obs: 
20160216191823 AUTOLOG! status: ready, low: , hi: , step: , ifm: , lvl: , obs: 
20160216191923 AUTOLOG! status: ready, low: , hi: , step: , ifm: , lvl: , obs: 
20160216192023 AUTOLOG! status: ready, low: , hi: , step: , ifm: , lvl: , obs: 
20160216192123 AUTOLOG! status: ready, low: , hi: , step: , ifm: , lvl: , obs: 
20160216192223 AUTOLOG! status: ready, low: , hi: , step: , ifm: , lvl: , obs: 
20160216192323 AUTOLOG! status: ready, low: , hi: , step: , ifm: , lvl: , obs: 
20160216192423 AUTOLOG! status: ready, low: , hi: , step: , ifm: , lvl: , obs: 
20160216192523 AUTOLOG! status: ready, low: , hi: , step: , ifm: , lvl: , obs: 
20160216192623 AUTOLOG! status: ready, low: , hi: , step: , ifm: , lvl: , obs: 
20160216192723 AUTOLOG! status: ready, low: , hi: , step: , ifm: , lvl: , obs: 
20160216192823 AUTOLOG! status: ready, low: , hi: , step: , ifm: , lvl: , obs: 
20160216192923 AUTOLOG! status: ready, low: , hi: , step: , ifm: , lvl: , obs: 
20160216193023 AUTOLOG! status: ready, low: , hi: , step: , ifm: , lvl: , obs: 
20160216193123 AUTOLOG! status: ready, low: , hi: , step: , ifm: , lvl: , obs: 
20160216193223 AUTOLOG! status: ready, low: , hi: , step: , ifm: , lvl: , obs: 
20160216193323 AUTOLOG! status: ready, low: , hi: , step: , ifm: , lvl: , obs: 
20160217120542 AUTOLOG! status: ready, low: , hi: , step: , ifm: , lvl: , obs: 
20160217120642 AUTOLOG! status: ready, low: , hi: , step: , ifm: , lvl: , obs: 
20160217120742 AUTOLOG! status: ready, low: , hi: , step: , ifm: , lvl: , obs: 
20160217120842 AUTOLOG! status: ready, low: , hi: , step: , ifm: , lvl: , obs: 
20160217120942 AUTOLOG! status: ready, low: , hi: , step: , ifm: , lvl: , obs: 
20160217121042 AUTOLOG! status: ready, low: , hi: , step: , ifm: , lvl: , obs: 
20160217121142 AUTOLOG! status: ready, low: , hi: , step: , ifm: , lvl: , obs: 
20160217121243 AUTOLOG! status: ready, low: , hi: , step: , ifm: , lvl: , obs: 
20160217121343 AUTOLOG! status: ready, low: , hi: , step: , ifm: , lvl: , obs: 
20160217121443 AUTOLOG! status: ready, low: , hi: , step: , ifm: , lvl: , obs: 
20160217121543 AUTOLOG! status: ready, low: , hi: , step: , ifm: , lvl: , obs: 
20160217121643 AUTOLOG! status: ready, low: , hi: , step: , ifm: , lvl: , obs: 
20160217121743 AUTOLOG! status: ready, low: , hi: , step: , ifm: , lvl: , obs: 
20160217121843 AUTOLOG! status: ready, low: , hi: , step: , ifm: , lvl: , obs: 
20160217121943 AUTOLOG! status: ready, low: , hi: , step: , ifm: , lvl: , obs: 
20160217122043 AUTOLOG! status: ready, low: , hi: , step: , ifm: , lvl: , obs: 
20160217122143 AUTOLOG! status: ready, low: , hi: , step: , ifm: , lvl: , obs: 
20160217122244 AUTOLOG! status: ready, low: , hi: , step: , ifm: , lvl: , obs: 
20160217122344 AUTOLOG! status: ready, low: , hi: , step: , ifm: , lvl: , obs: 
20160217122444 AUTOLOG! status: ready, low: , hi: , step: , ifm: , lvl: , obs: 
20160217122544 AUTOLOG! status: ready, low: , hi: , step: , ifm: , lvl: , obs: 
20160217122644 AUTOLOG! status: ready, low: , hi: , step: , ifm: , lvl: , obs: 
20160217122745 AUTOLOG! status: ready, low: , hi: , step: , ifm: , lvl: , obs: 
20160217122845 AUTOLOG! status: ready, low: , hi: , step: , ifm: , lvl: , obs: 
20160217122945 AUTOLOG! status: ready, low: , hi: , step: , ifm: , lvl: , obs: 
20160217123045 AUTOLOG! status: ready, low: , hi: , step: , ifm: , lvl: , obs: 
20160217123146 AUTOLOG! status: ready, low: , hi: , step: , ifm: , lvl: , obs: 
20160217123246 AUTOLOG! status: ready, low: , hi: , step: , ifm: , lvl: , obs: 
20160217123346 AUTOLOG! status: ready, low: , hi: , step: , ifm: , lvl: , obs: 
20160217123446 AUTOLOG! status: ready, low: , hi: , step: , ifm: , lvl: , obs: 
20160217123546 AUTOLOG! status: ready, low: , hi: , step: , ifm: , lvl: , obs: 
20160217123646 AUTOLOG! status: ready, low: , hi: , step: , ifm: , lvl: , obs: 
20160217123746 AUTOLOG! status: ready, low: , hi: , step: , ifm: , lvl: , obs: 
20160217123846 AUTOLOG! status: ready, low: , hi: , step: , ifm: , lvl: , obs: 
20160217123946 AUTOLOG! status: ready, low: , hi: , step: , ifm: , lvl: , obs: 
20160217124046 AUTOLOG! status: ready, low: , hi: , step: , ifm: , lvl: , obs: 
20160217124146 AUTOLOG! status: ready, low: , hi: , step: , ifm: , lvl: , obs: 
20160217124246 AUTOLOG! status: ready, low: , hi: , step: , ifm: , lvl: , obs: 
20160217124346 AUTOLOG! status: ready, low: , hi: , step: , ifm: , lvl: , obs: 
20160217124446 AUTOLOG! status: ready, low: , hi: , step: , ifm: , lvl: , obs: 
20160217124546 AUTOLOG! status: ready, low: , hi: , step: , ifm: , lvl: , obs: 
20160217124646 AUTOLOG! status: ready, low: , hi: , step: , ifm: , lvl: , obs: 
20160217124746 AUTOLOG! status: ready, low: , hi: , step: , ifm: , lvl: , obs: 
20160217124846 AUTOLOG! status: ready, low: , hi: , step: , ifm: , lvl: , obs: 
20160217124946 AUTOLOG! status: ready, low: , hi: , step: , ifm: , lvl: , obs: 
20160217125046 AUTOLOG! status: ready, low: , hi: , step: , ifm: , lvl: , obs: 
20160217125146 AUTOLOG! status: ready, low: , hi: , step: , ifm: , lvl: , obs: 
20160217125246 AUTOLOG! status: ready, low: , hi: , step: , ifm: , lvl: , obs: 
20160217125346 AUTOLOG! status: ready, low: , hi: , step: , ifm: , lvl: , obs: 
20160217125446 AUTOLOG! status: ready, low: , hi: , step: , ifm: , lvl: , obs: 
20160217125546 AUTOLOG! status: ready, low: , hi: , step: , ifm: , lvl: , obs: 
20160217125646 AUTOLOG! status: ready, low: , hi: , step: , ifm: , lvl: , obs: 
20160217125747 AUTOLOG! status: ready, low: , hi: , step: , ifm: , lvl: , obs: 
20160217125847 AUTOLOG! status: ready, low: , hi: , step: , ifm: , lvl: , obs: 
20160217125947 AUTOLOG! status: ready, low: , hi: , step: , ifm: , lvl: , obs: 
20160217130047 AUTOLOG! status: ready, low: , hi: , step: , ifm: , lvl: , obs: 
20160217130147 AUTOLOG! status: ready, low: , hi: , step: , ifm: , lvl: , obs: 
20160217130247 AUTOLOG! status: ready, low: , hi: , step: , ifm: , lvl: , obs: 
20160217130347 AUTOLOG! status: ready, low: , hi: , step: , ifm: , lvl: , obs: 
20160217130447 AUTOLOG! status: ready, low: , hi: , step: , ifm: , lvl: , obs: 
20160217130547 AUTOLOG! status: ready, low: , hi: , step: , ifm: , lvl: , obs: 
20160217130647 AUTOLOG! status: ready, low: , hi: , step: , ifm: , lvl: , obs: 
20160217130747 AUTOLOG! status: ready, low: , hi: , step: , ifm: , lvl: , obs: 
20160217130847 AUTOLOG! status: ready, low: , hi: , step: , ifm: , lvl: , obs: 
20160217130947 AUTOLOG! status: ready, low: , hi: , step: , ifm: , lvl: , obs: 
20160217131047 AUTOLOG! status: ready, low: , hi: , step: , ifm: , lvl: , obs: 
20160217131147 AUTOLOG! status: ready, low: , hi: , step: , ifm: , lvl: , obs: 
20160217131247 AUTOLOG! status: ready, low: , hi: , step: , ifm: , lvl: , obs: 
20160217131347 AUTOLOG! status: ready, low: , hi: , step: , ifm: , lvl: , obs: 
20160217131447 AUTOLOG! status: ready, low: , hi: , step: , ifm: , lvl: , obs: 
20160217131547 AUTOLOG! status: ready, low: , hi: , step: , ifm: , lvl: , obs: 
20160217131647 AUTOLOG! status: ready, low: , hi: , step: , ifm: , lvl: , obs: 
20160217131747 AUTOLOG! status: ready, low: , hi: , step: , ifm: , lvl: , obs: 
20160217131847 AUTOLOG! status: ready, low: , hi: , step: , ifm: , lvl: , obs: 
20160217131947 AUTOLOG! status: ready, low: , hi: , step: , ifm: , lvl: , obs: 
20160217132047 AUTOLOG! status: ready, low: , hi: , step: , ifm: , lvl: , obs: 
20160217132147 AUTOLOG! status: ready, low: , hi: , step: , ifm: , lvl: , obs: 
20160217132247 AUTOLOG! status: ready, low: , hi: , step: , ifm: , lvl: , obs: 
20160217132347 AUTOLOG! status: ready, low: , hi: , step: , ifm: , lvl: , obs: 
20160217132448 AUTOLOG! status: ready, low: , hi: , step: , ifm: , lvl: , obs: 
20160217174239 AUTOLOG! status: ready, low: , hi: , step: , ifm: , lvl: , obs: 
20160217174339 AUTOLOG! status: ready, low: , hi: , step: , ifm: , lvl: , obs: 
20160217174439 AUTOLOG! status: ready, low: , hi: , step: , ifm: , lvl: , obs: 
20160217174539 AUTOLOG! status: ready, low: , hi: , step: , ifm: , lvl: , obs: 
20160217174639 AUTOLOG! status: ready, low: , hi: , step: , ifm: , lvl: , obs: 
20160217174739 AUTOLOG! status: ready, low: , hi: , step: , ifm: , lvl: , obs: 
20160217174839 AUTOLOG! status: ready, low: , hi: , step: , ifm: , lvl: , obs: 
20160217174939 AUTOLOG! status: ready, low: , hi: , step: , ifm: , lvl: , obs: 
20160217175039 AUTOLOG! status: ready, low: , hi: , step: , ifm: , lvl: , obs: 
20160217175139 AUTOLOG! status: ready, low: , hi: , step: , ifm: , lvl: , obs: 
20160217175239 AUTOLOG! status: ready, low: , hi: , step: , ifm: , lvl: , obs: 
20160217175339 AUTOLOG! status: ready, low: , hi: , step: , ifm: , lvl: , obs: 
20160217175439 AUTOLOG! status: ready, low: , hi: , step: , ifm: , lvl: , obs: 
20160217175539 AUTOLOG! status: ready, low: , hi: , step: , ifm: , lvl: , obs: 
20160217175639 AUTOLOG! status: ready, low: , hi: , step: , ifm: , lvl: , obs: 
20160217175740 AUTOLOG! status: ready, low: , hi: , step: , ifm: , lvl: , obs: 
20160217175840 AUTOLOG! status: ready, low: , hi: , step: , ifm: , lvl: , obs: 
20160217175940 AUTOLOG! status: ready, low: , hi: , step: , ifm: , lvl: , obs: 
20160217180040 AUTOLOG! status: ready, low: , hi: , step: , ifm: , lvl: , obs: 
20160217180140 AUTOLOG! status: ready, low: , hi: , step: , ifm: , lvl: , obs: 
20160217180240 AUTOLOG! status: ready, low: , hi: , step: , ifm: , lvl: , obs: 
20160217180340 AUTOLOG! status: ready, low: , hi: , step: , ifm: , lvl: , obs: 
20160217180440 AUTOLOG! status: ready, low: , hi: , step: , ifm: , lvl: , obs: 
20160217180540 AUTOLOG! status: ready, low: , hi: , step: , ifm: , lvl: , obs: 
20160217180640 AUTOLOG! status: ready, low: , hi: , step: , ifm: , lvl: , obs: 
20160217180740 AUTOLOG! status: ready, low: , hi: , step: , ifm: , lvl: , obs: 
20160217180840 AUTOLOG! status: ready, low: , hi: , step: , ifm: , lvl: , obs: 
20160217180940 AUTOLOG! status: ready, low: , hi: , step: , ifm: , lvl: , obs: 
20160221112013 AUTOLOG! status: ready, low: , hi: , step: , ifm: , lvl: , obs: 
20160221112113 AUTOLOG! status: ready, low: , hi: , step: , ifm: , lvl: , obs: 
20160221112213 AUTOLOG! status: ready, low: , hi: , step: , ifm: , lvl: , obs: 
20160221112313 AUTOLOG! status: ready, low: , hi: , step: , ifm: , lvl: , obs: 
20160221112413 AUTOLOG! status: ready, low: , hi: , step: , ifm: , lvl: , obs: 
20160221112513 AUTOLOG! status: ready, low: , hi: , step: , ifm: , lvl: , obs: 
20160221112614 AUTOLOG! status: ready, low: , hi: , step: , ifm: , lvl: , obs: 
20160221112714 AUTOLOG! status: ready, low: , hi: , step: , ifm: , lvl: , obs: 
20160221112814 AUTOLOG! status: ready, low: , hi: , step: , ifm: , lvl: , obs: 
20160221112914 AUTOLOG! status: ready, low: , hi: , step: , ifm: , lvl: , obs: 
20160221113014 AUTOLOG! status: ready, low: , hi: , step: , ifm: , lvl: , obs: 
20160221113114 AUTOLOG! status: ready, low: , hi: , step: , ifm: , lvl: , obs: 
20160221113214 AUTOLOG! status: ready, low: , hi: , step: , ifm: , lvl: , obs: 
20160221113314 AUTOLOG! status: ready, low: , hi: , step: , ifm: , lvl: , obs: 
20160221113414 AUTOLOG! status: ready, low: , hi: , step: , ifm: , lvl: , obs: 
20160221113514 AUTOLOG! status: ready, low: , hi: , step: , ifm: , lvl: , obs: 
20160221113614 AUTOLOG! status: ready, low: , hi: , step: , ifm: , lvl: , obs: 
20160221113714 AUTOLOG! status: ready, low: , hi: , step: , ifm: , lvl: , obs: 
20160221113814 AUTOLOG! status: ready, low: , hi: , step: , ifm: , lvl: , obs: 
20160221113914 AUTOLOG! status: ready, low: , hi: , step: , ifm: , lvl: , obs: 
20160221114014 AUTOLOG! status: ready, low: , hi: , step: , ifm: , lvl: , obs: 
20160221114114 AUTOLOG! status: ready, low: , hi: , step: , ifm: , lvl: , obs: 
20160221114214 AUTOLOG! status: ready, low: , hi: , step: , ifm: , lvl: , obs: 
20160221114314 AUTOLOG! status: ready, low: , hi: , step: , ifm: , lvl: , obs: 
20160221114414 AUTOLOG! status: ready, low: , hi: , step: , ifm: , lvl: , obs: 
20160221114514 AUTOLOG! status: ready, low: , hi: , step: , ifm: , lvl: , obs: 
20160221114614 AUTOLOG! status: ready, low: , hi: , step: , ifm: , lvl: , obs: 
20160221114714 AUTOLOG! status: ready, low: , hi: , step: , ifm: , lvl: , obs: 
20160221114814 AUTOLOG! status: ready, low: , hi: , step: , ifm: , lvl: , obs: 
20160221114914 AUTOLOG! status: ready, low: , hi: , step: , ifm: , lvl: , obs: 
20160221115015 AUTOLOG! status: ready, low: , hi: , step: , ifm: , lvl: , obs: 
20160221115115 AUTOLOG! status: ready, low: , hi: , step: , ifm: , lvl: , obs: 
20160221115215 AUTOLOG! status: ready, low: , hi: , step: , ifm: , lvl: , obs: 
20160221115315 AUTOLOG! status: ready, low: , hi: , step: , ifm: , lvl: , obs: 
20160221115415 AUTOLOG! status: ready, low: , hi: , step: , ifm: , lvl: , obs: 
20160221115515 AUTOLOG! status: ready, low: , hi: , step: , ifm: , lvl: , obs: 
20160221115615 AUTOLOG! status: ready, low: , hi: , step: , ifm: , lvl: , obs: 
20160221115715 AUTOLOG! status: ready, low: , hi: , step: , ifm: , lvl: , obs: 
20160221115815 AUTOLOG! status: ready, low: , hi: , step: , ifm: , lvl: , obs: 
20160221115915 AUTOLOG! status: ready, low: , hi: , step: , ifm: , lvl: , obs: 
20160221120015 AUTOLOG! status: ready, low: , hi: , step: , ifm: , lvl: , obs: 
20160221120115 AUTOLOG! status: ready, low: , hi: , step: , ifm: , lvl: , obs: 
20160221120215 AUTOLOG! status: ready, low: , hi: , step: , ifm: , lvl: , obs: 
20160221120315 AUTOLOG! status: ready, low: , hi: , step: , ifm: , lvl: , obs: 
20160221120415 AUTOLOG! status: ready, low: , hi: , step: , ifm: , lvl: , obs: 
20160221120515 AUTOLOG! status: ready, low: , hi: , step: , ifm: , lvl: , obs: 
20160221120615 AUTOLOG! status: ready, low: , hi: , step: , ifm: , lvl: , obs: 
20160221120715 AUTOLOG! status: ready, low: , hi: , step: , ifm: , lvl: , obs: 
20160221120815 AUTOLOG! status: ready, low: , hi: , step: , ifm: , lvl: , obs: 
20160221120915 AUTOLOG! status: ready, low: , hi: , step: , ifm: , lvl: , obs: 
20160221121015 AUTOLOG! status: ready, low: , hi: , step: , ifm: , lvl: , obs: 
20160221121115 AUTOLOG! status: ready, low: , hi: , step: , ifm: , lvl: , obs: 
20160221121215 AUTOLOG! status: ready, low: , hi: , step: , ifm: , lvl: , obs: 
20160221121315 AUTOLOG! status: ready, low: , hi: , step: , ifm: , lvl: , obs: 
20160221121415 AUTOLOG! status: ready, low: , hi: , step: , ifm: , lvl: , obs: 
20160221121516 AUTOLOG! status: ready, low: , hi: , step: , ifm: , lvl: , obs: 
20160221121616 AUTOLOG! status: ready, low: , hi: , step: , ifm: , lvl: , obs: 
20160221121716 AUTOLOG! status: ready, low: , hi: , step: , ifm: , lvl: , obs: 
20160221121816 AUTOLOG! status: ready, low: , hi: , step: , ifm: , lvl: , obs: 
20160221121916 AUTOLOG! status: ready, low: , hi: , step: , ifm: , lvl: , obs: 
20160221122016 AUTOLOG! status: ready, low: , hi: , step: , ifm: , lvl: , obs: 
20160221122116 AUTOLOG! status: ready, low: , hi: , step: , ifm: , lvl: , obs: 
20160221122216 AUTOLOG! status: ready, low: , hi: , step: , ifm: , lvl: , obs: 
20160221122316 AUTOLOG! status: ready, low: , hi: , step: , ifm: , lvl: , obs: 
20160221122416 AUTOLOG! status: ready, low: , hi: , step: , ifm: , lvl: , obs: 
20160221122516 AUTOLOG! status: ready, low: , hi: , step: , ifm: , lvl: , obs: 
20160221122616 AUTOLOG! status: ready, low: , hi: , step: , ifm: , lvl: , obs: 
20160221122716 AUTOLOG! status: ready, low: , hi: , step: , ifm: , lvl: , obs: 
20160221122816 AUTOLOG! status: ready, low: , hi: , step: , ifm: , lvl: , obs: 
20160221122916 AUTOLOG! status: ready, low: , hi: , step: , ifm: , lvl: , obs: 
20160221123016 AUTOLOG! status: ready, low: , hi: , step: , ifm: , lvl: , obs: 
20160221123116 AUTOLOG! status: ready, low: , hi: , step: , ifm: , lvl: , obs: 
20160221123216 AUTOLOG! status: ready, low: , hi: , step: , ifm: , lvl: , obs: 
20160221123316 AUTOLOG! status: ready, low: , hi: , step: , ifm: , lvl: , obs: 
20160221123416 AUTOLOG! status: ready, low: , hi: , step: , ifm: , lvl: , obs: 
20160221123516 AUTOLOG! status: ready, low: , hi: , step: , ifm: , lvl: , obs: 
20160221123616 AUTOLOG! status: ready, low: , hi: , step: , ifm: , lvl: , obs: 
20160221123716 AUTOLOG! status: ready, low: , hi: , step: , ifm: , lvl: , obs: 
20160221123816 AUTOLOG! status: ready, low: , hi: , step: , ifm: , lvl: , obs: 
20160221123916 AUTOLOG! status: ready, low: , hi: , step: , ifm: , lvl: , obs: 
20160221124016 AUTOLOG! status: ready, low: , hi: , step: , ifm: , lvl: , obs: 
20160221124116 AUTOLOG! status: ready, low: , hi: , step: , ifm: , lvl: , obs: 
20160221124216 AUTOLOG! status: ready, low: , hi: , step: , ifm: , lvl: , obs: 
20160221124316 AUTOLOG! status: ready, low: , hi: , step: , ifm: , lvl: , obs: 
20160221124416 AUTOLOG! status: ready, low: , hi: , step: , ifm: , lvl: , obs: 
20160221124517 AUTOLOG! status: ready, low: , hi: , step: , ifm: , lvl: , obs: 
20160221124617 AUTOLOG! status: ready, low: , hi: , step: , ifm: , lvl: , obs: 
20160221124717 AUTOLOG! status: ready, low: , hi: , step: , ifm: , lvl: , obs: 
20160221124817 AUTOLOG! status: ready, low: , hi: , step: , ifm: , lvl: , obs: 
20160221124917 AUTOLOG! status: ready, low: , hi: , step: , ifm: , lvl: , obs: 
20160221125017 AUTOLOG! status: ready, low: , hi: , step: , ifm: , lvl: , obs: 
20160221125117 AUTOLOG! status: ready, low: , hi: , step: , ifm: , lvl: , obs: 
20160221125217 AUTOLOG! status: ready, low: , hi: , step: , ifm: , lvl: , obs: 
20160221125317 AUTOLOG! status: ready, low: , hi: , step: , ifm: , lvl: , obs: 
20160221125417 AUTOLOG! status: ready, low: , hi: , step: , ifm: , lvl: , obs: 
20160221132841 AUTOLOG! status: ready, low: , hi: , step: , ifm: , lvl: , obs: 
20160221132941 AUTOLOG! status: ready, low: , hi: , step: , ifm: , lvl: , obs: 
20160221133041 AUTOLOG! status: ready, low: , hi: , step: , ifm: , lvl: , obs: 
20160221133141 AUTOLOG! status: ready, low: , hi: , step: , ifm: , lvl: , obs: 
20160221133241 AUTOLOG! status: ready, low: , hi: , step: , ifm: , lvl: , obs: 
20160221133341 AUTOLOG! status: ready, low: , hi: , step: , ifm: , lvl: , obs: 
20160221133441 AUTOLOG! status: ready, low: , hi: , step: , ifm: , lvl: , obs: 
20160221133541 AUTOLOG! status: ready, low: , hi: , step: , ifm: , lvl: , obs: 
20160221133641 AUTOLOG! status: ready, low: , hi: , step: , ifm: , lvl: , obs: 
20160221133741 AUTOLOG! status: ready, low: , hi: , step: , ifm: , lvl: , obs: 
20160221133841 AUTOLOG! status: ready, low: , hi: , step: , ifm: , lvl: , obs: 
20160221133941 AUTOLOG! status: ready, low: , hi: , step: , ifm: , lvl: , obs: 
20160221134041 AUTOLOG! status: ready, low: , hi: , step: , ifm: , lvl: , obs: 
20160221134141 AUTOLOG! status: ready, low: , hi: , step: , ifm: , lvl: , obs: 
20160221134241 AUTOLOG! status: ready, low: , hi: , step: , ifm: , lvl: , obs: 
20160221134341 AUTOLOG! status: ready, low: , hi: , step: , ifm: , lvl: , obs: 
20160221134441 AUTOLOG! status: ready, low: , hi: , step: , ifm: , lvl: , obs: 
20160221134541 AUTOLOG! status: ready, low: , hi: , step: , ifm: , lvl: , obs: 
20160221134641 AUTOLOG! status: ready, low: , hi: , step: , ifm: , lvl: , obs: 
20160221134741 AUTOLOG! status: ready, low: , hi: , step: , ifm: , lvl: , obs: 
20160221134841 AUTOLOG! status: ready, low: , hi: , step: , ifm: , lvl: , obs: 
20160221134941 AUTOLOG! status: ready, low: , hi: , step: , ifm: , lvl: , obs: 
20160221135041 AUTOLOG! status: ready, low: , hi: , step: , ifm: , lvl: , obs: 
20160221135141 AUTOLOG! status: ready, low: , hi: , step: , ifm: , lvl: , obs: 
20160221135241 AUTOLOG! status: ready, low: , hi: , step: , ifm: , lvl: , obs: 
20160221135341 AUTOLOG! status: ready, low: , hi: , step: , ifm: , lvl: , obs: 
20160221135441 AUTOLOG! status: ready, low: , hi: , step: , ifm: , lvl: , obs: 
20160221135541 AUTOLOG! status: ready, low: , hi: , step: , ifm: , lvl: , obs: 
20160221135641 AUTOLOG! status: ready, low: , hi: , step: , ifm: , lvl: , obs: 
20160221135741 AUTOLOG! status: ready, low: , hi: , step: , ifm: , lvl: , obs: 
20160221135841 AUTOLOG! status: ready, low: , hi: , step: , ifm: , lvl: , obs: 
20160221135941 AUTOLOG! status: ready, low: , hi: , step: , ifm: , lvl: , obs: 
20160221140041 AUTOLOG! status: ready, low: , hi: , step: , ifm: , lvl: , obs: 
20160221140141 AUTOLOG! status: ready, low: , hi: , step: , ifm: , lvl: , obs: 
20160221140241 AUTOLOG! status: ready, low: , hi: , step: , ifm: , lvl: , obs: 
20160221140341 AUTOLOG! status: ready, low: , hi: , step: , ifm: , lvl: , obs: 
20160221140441 AUTOLOG! status: ready, low: , hi: , step: , ifm: , lvl: , obs: 
20160221140541 AUTOLOG! status: ready, low: , hi: , step: , ifm: , lvl: , obs: 
20160221140641 AUTOLOG! status: ready, low: , hi: , step: , ifm: , lvl: , obs: 
20160221140742 AUTOLOG! status: ready, low: , hi: , step: , ifm: , lvl: , obs: 
20160221140842 AUTOLOG! status: ready, low: , hi: , step: , ifm: , lvl: , obs: 
20160221140942 AUTOLOG! status: ready, low: , hi: , step: , ifm: , lvl: , obs: 
20160221141042 AUTOLOG! status: ready, low: , hi: , step: , ifm: , lvl: , obs: 
20160221141142 AUTOLOG! status: ready, low: , hi: , step: , ifm: , lvl: , obs: 
20160221141242 AUTOLOG! status: ready, low: , hi: , step: , ifm: , lvl: , obs: 
20160221141342 AUTOLOG! status: ready, low: , hi: , step: , ifm: , lvl: , obs: 
20160221141442 AUTOLOG! status: ready, low: , hi: , step: , ifm: , lvl: , obs: 
20160221141542 AUTOLOG! status: ready, low: , hi: , step: , ifm: , lvl: , obs: 
20160221141642 AUTOLOG! status: ready, low: , hi: , step: , ifm: , lvl: , obs: 
20160221141742 AUTOLOG! status: ready, low: , hi: , step: , ifm: , lvl: , obs: 
20160221141842 AUTOLOG! status: ready, low: , hi: , step: , ifm: , lvl: , obs: 
20160221141942 AUTOLOG! status: ready, low: , hi: , step: , ifm: , lvl: , obs: 
20160221142042 AUTOLOG! status: ready, low: , hi: , step: , ifm: , lvl: , obs: 
20160221142142 AUTOLOG! status: ready, low: , hi: , step: , ifm: , lvl: , obs: 
20160221142242 AUTOLOG! status: ready, low: , hi: , step: , ifm: , lvl: , obs: 
20160221142342 AUTOLOG! status: ready, low: , hi: , step: , ifm: , lvl: , obs: 
20160221142442 AUTOLOG! status: ready, low: , hi: , step: , ifm: , lvl: , obs: 
20160221142542 AUTOLOG! status: ready, low: , hi: , step: , ifm: , lvl: , obs: 
20160221142642 AUTOLOG! status: ready, low: , hi: , step: , ifm: , lvl: , obs: 
20160221142742 AUTOLOG! status: ready, low: , hi: , step: , ifm: , lvl: , obs: 
20160221142842 AUTOLOG! status: ready, low: , hi: , step: , ifm: , lvl: , obs: 
20160221142942 AUTOLOG! status: ready, low: , hi: , step: , ifm: , lvl: , obs: 
20160221143042 AUTOLOG! status: ready, low: , hi: , step: , ifm: , lvl: , obs: 
20160221143142 AUTOLOG! status: ready, low: , hi: , step: , ifm: , lvl: , obs: 
20160221143242 AUTOLOG! status: ready, low: , hi: , step: , ifm: , lvl: , obs: 
20160221143342 AUTOLOG! status: ready, low: , hi: , step: , ifm: , lvl: , obs: 
20160221143442 AUTOLOG! status: ready, low: , hi: , step: , ifm: , lvl: , obs: 
20160221143542 AUTOLOG! status: ready, low: , hi: , step: , ifm: , lvl: , obs: 
20160221143642 AUTOLOG! status: ready, low: , hi: , step: , ifm: , lvl: , obs: 
20160221143742 AUTOLOG! status: ready, low: , hi: , step: , ifm: , lvl: , obs: 
20160221143842 AUTOLOG! status: ready, low: , hi: , step: , ifm: , lvl: , obs: 
20160221143942 AUTOLOG! status: ready, low: , hi: , step: , ifm: , lvl: , obs: 
20160221144042 AUTOLOG! status: ready, low: , hi: , step: , ifm: , lvl: , obs: 
20160221144142 AUTOLOG! status: ready, low: , hi: , step: , ifm: , lvl: , obs: 
20160221144242 AUTOLOG! status: ready, low: , hi: , step: , ifm: , lvl: , obs: 
20160221144342 AUTOLOG! status: ready, low: , hi: , step: , ifm: , lvl: , obs: 
20160221144442 AUTOLOG! status: ready, low: , hi: , step: , ifm: , lvl: , obs: 
20160221144542 AUTOLOG! status: ready, low: , hi: , step: , ifm: , lvl: , obs: 
20160221144642 AUTOLOG! status: ready, low: , hi: , step: , ifm: , lvl: , obs: 
20160221144742 AUTOLOG! status: ready, low: , hi: , step: , ifm: , lvl: , obs: 
20160221144842 AUTOLOG! status: ready, low: , hi: , step: , ifm: , lvl: , obs: 
20160221144942 AUTOLOG! status: ready, low: , hi: , step: , ifm: , lvl: , obs: 
20160221145042 AUTOLOG! status: ready, low: , hi: , step: , ifm: , lvl: , obs: 
20160221145142 AUTOLOG! status: ready, low: , hi: , step: , ifm: , lvl: , obs: 
20160221145242 AUTOLOG! status: ready, low: , hi: , step: , ifm: , lvl: , obs: 
20160221145342 AUTOLOG! status: ready, low: , hi: , step: , ifm: , lvl: , obs: 
20160221145443 AUTOLOG! status: ready, low: , hi: , step: , ifm: , lvl: , obs: 
20160221145543 AUTOLOG! status: ready, low: , hi: , step: , ifm: , lvl: , obs: 
20160221145643 AUTOLOG! status: ready, low: , hi: , step: , ifm: , lvl: , obs: 
20160221145743 AUTOLOG! status: ready, low: , hi: , step: , ifm: , lvl: , obs: 
20160221145843 AUTOLOG! status: ready, low: , hi: , step: , ifm: , lvl: , obs: 
20160221145943 AUTOLOG! status: ready, low: , hi: , step: , ifm: , lvl: , obs: 
20160221150043 AUTOLOG! status: ready, low: , hi: , step: , ifm: , lvl: , obs: 
20160221150143 AUTOLOG! status: ready, low: , hi: , step: , ifm: , lvl: , obs: 
20160221150243 AUTOLOG! status: ready, low: , hi: , step: , ifm: , lvl: , obs: 
20160221150343 AUTOLOG! status: ready, low: , hi: , step: , ifm: , lvl: , obs: 
20160221150443 AUTOLOG! status: ready, low: , hi: , step: , ifm: , lvl: , obs: 
20160221150543 AUTOLOG! status: ready, low: , hi: , step: , ifm: , lvl: , obs: 
20160221150643 AUTOLOG! status: ready, low: , hi: , step: , ifm: , lvl: , obs: 
20160221150743 AUTOLOG! status: ready, low: , hi: , step: , ifm: , lvl: , obs: 
20160221150843 AUTOLOG! status: ready, low: , hi: , step: , ifm: , lvl: , obs: 
20160221150943 AUTOLOG! status: ready, low: , hi: , step: , ifm: , lvl: , obs: 
20160221151043 AUTOLOG! status: ready, low: , hi: , step: , ifm: , lvl: , obs: 
20160221151143 AUTOLOG! status: ready, low: , hi: , step: , ifm: , lvl: , obs: 
20160221151243 AUTOLOG! status: ready, low: , hi: , step: , ifm: , lvl: , obs: 
20160221151343 AUTOLOG! status: ready, low: , hi: , step: , ifm: , lvl: , obs: 
20160221151443 AUTOLOG! status: ready, low: , hi: , step: , ifm: , lvl: , obs: 
20160221151543 AUTOLOG! status: ready, low: , hi: , step: , ifm: , lvl: , obs: 
20160221151643 AUTOLOG! status: ready, low: , hi: , step: , ifm: , lvl: , obs: 
20160221151743 AUTOLOG! status: ready, low: , hi: , step: , ifm: , lvl: , obs: 
20160221151843 AUTOLOG! status: ready, low: , hi: , step: , ifm: , lvl: , obs: 
20160221151943 AUTOLOG! status: ready, low: , hi: , step: , ifm: , lvl: , obs: 
20160221152043 AUTOLOG! status: ready, low: , hi: , step: , ifm: , lvl: , obs: 
20160221152143 AUTOLOG! status: ready, low: , hi: , step: , ifm: , lvl: , obs: 
20160221152243 AUTOLOG! status: ready, low: , hi: , step: , ifm: , lvl: , obs: 
20160221152343 AUTOLOG! status: ready, low: , hi: , step: , ifm: , lvl: , obs: 
20160221152443 AUTOLOG! status: ready, low: , hi: , step: , ifm: , lvl: , obs: 
20160221152543 AUTOLOG! status: ready, low: , hi: , step: , ifm: , lvl: , obs: 
20160221152643 AUTOLOG! status: ready, low: , hi: , step: , ifm: , lvl: , obs: 
20160221152743 AUTOLOG! status: ready, low: , hi: , step: , ifm: , lvl: , obs: 
20160221152843 AUTOLOG! status: ready, low: , hi: , step: , ifm: , lvl: , obs: 
20160221152943 AUTOLOG! status: ready, low: , hi: , step: , ifm: , lvl: , obs: 
20160221153043 AUTOLOG! status: ready, low: , hi: , step: , ifm: , lvl: , obs: 
20160221153143 AUTOLOG! status: ready, low: , hi: , step: , ifm: , lvl: , obs: 
20160221153243 AUTOLOG! status: ready, low: , hi: , step: , ifm: , lvl: , obs: 
20160221153343 AUTOLOG! status: ready, low: , hi: , step: , ifm: , lvl: , obs: 
20160221153443 AUTOLOG! status: ready, low: , hi: , step: , ifm: , lvl: , obs: 
20160221153543 AUTOLOG! status: ready, low: , hi: , step: , ifm: , lvl: , obs: 
20160221153643 AUTOLOG! status: ready, low: , hi: , step: , ifm: , lvl: , obs: 
20160221153743 AUTOLOG! status: ready, low: , hi: , step: , ifm: , lvl: , obs: 
20160221153843 AUTOLOG! status: ready, low: , hi: , step: , ifm: , lvl: , obs: 
20160221153943 AUTOLOG! status: ready, low: , hi: , step: , ifm: , lvl: , obs: 
20160221154043 AUTOLOG! status: ready, low: , hi: , step: , ifm: , lvl: , obs: 
20160221154143 AUTOLOG! status: ready, low: , hi: , step: , ifm: , lvl: , obs: 
20160221154244 AUTOLOG! status: ready, low: , hi: , step: , ifm: , lvl: , obs: 
20160221154344 AUTOLOG! status: ready, low: , hi: , step: , ifm: , lvl: , obs: 
20160221154444 AUTOLOG! status: ready, low: , hi: , step: , ifm: , lvl: , obs: 
20160221154544 AUTOLOG! status: ready, low: , hi: , step: , ifm: , lvl: , obs: 
20160221154644 AUTOLOG! status: ready, low: , hi: , step: , ifm: , lvl: , obs: 
20160221154744 AUTOLOG! status: ready, low: , hi: , step: , ifm: , lvl: , obs: 
20160221154844 AUTOLOG! status: ready, low: , hi: , step: , ifm: , lvl: , obs: 
20160221154944 AUTOLOG! status: ready, low: , hi: , step: , ifm: , lvl: , obs: 
20160221155044 AUTOLOG! status: ready, low: , hi: , step: , ifm: , lvl: , obs: 
20160221155144 AUTOLOG! status: ready, low: , hi: , step: , ifm: , lvl: , obs: 
20160221155244 AUTOLOG! status: ready, low: , hi: , step: , ifm: , lvl: , obs: 
20160221155344 AUTOLOG! status: ready, low: , hi: , step: , ifm: , lvl: , obs: 
20160221155444 AUTOLOG! status: ready, low: , hi: , step: , ifm: , lvl: , obs: 
20160221155544 AUTOLOG! status: ready, low: , hi: , step: , ifm: , lvl: , obs: 
20160221155644 AUTOLOG! status: ready, low: , hi: , step: , ifm: , lvl: , obs: 
20160221155744 AUTOLOG! status: ready, low: , hi: , step: , ifm: , lvl: , obs: 
20160221155844 AUTOLOG! status: ready, low: , hi: , step: , ifm: , lvl: , obs: 
20160221155944 AUTOLOG! status: ready, low: , hi: , step: , ifm: , lvl: , obs: 
20160221160044 AUTOLOG! status: ready, low: , hi: , step: , ifm: , lvl: , obs: 
20160221160144 AUTOLOG! status: ready, low: , hi: , step: , ifm: , lvl: , obs: 
20160221160244 AUTOLOG! status: ready, low: , hi: , step: , ifm: , lvl: , obs: 
20160221160344 AUTOLOG! status: ready, low: , hi: , step: , ifm: , lvl: , obs: 
20160221160444 AUTOLOG! status: ready, low: , hi: , step: , ifm: , lvl: , obs: 
20160221160544 AUTOLOG! status: ready, low: , hi: , step: , ifm: , lvl: , obs: 
20160221160644 AUTOLOG! status: ready, low: , hi: , step: , ifm: , lvl: , obs: 
20160221160744 AUTOLOG! status: ready, low: , hi: , step: , ifm: , lvl: , obs: 
20160221160844 AUTOLOG! status: ready, low: , hi: , step: , ifm: , lvl: , obs: 
20160221160944 AUTOLOG! status: ready, low: , hi: , step: , ifm: , lvl: , obs: 
20160221161044 AUTOLOG! status: ready, low: , hi: , step: , ifm: , lvl: , obs: 
20160221161144 AUTOLOG! status: ready, low: , hi: , step: , ifm: , lvl: , obs: 
20160221161244 AUTOLOG! status: ready, low: , hi: , step: , ifm: , lvl: , obs: 
20160221161344 AUTOLOG! status: ready, low: , hi: , step: , ifm: , lvl: , obs: 
20160221161444 AUTOLOG! status: ready, low: , hi: , step: , ifm: , lvl: , obs: 
20160221161544 AUTOLOG! status: ready, low: , hi: , step: , ifm: , lvl: , obs: 
20160222071613 AUTOLOG! status: ready, low: , hi: , step: , ifm: , lvl: , obs: 
20160222071714 AUTOLOG! status: ready, low: , hi: , step: , ifm: , lvl: , obs: 
20160222071814 AUTOLOG! status: ready, low: , hi: , step: , ifm: , lvl: , obs: 
20160222071914 AUTOLOG! status: ready, low: , hi: , step: , ifm: , lvl: , obs: 
20160222072014 AUTOLOG! status: ready, low: , hi: , step: , ifm: , lvl: , obs: 
20160222072114 AUTOLOG! status: ready, low: , hi: , step: , ifm: , lvl: , obs: 
20160222072214 AUTOLOG! status: ready, low: , hi: , step: , ifm: , lvl: , obs: 
20160222072314 AUTOLOG! status: ready, low: , hi: , step: , ifm: , lvl: , obs: 
20160222072414 AUTOLOG! status: ready, low: , hi: , step: , ifm: , lvl: , obs: 
20160222072514 AUTOLOG! status: ready, low: , hi: , step: , ifm: , lvl: , obs: 
20160222072614 AUTOLOG! status: ready, low: , hi: , step: , ifm: , lvl: , obs: 
20160222072714 AUTOLOG! status: ready, low: , hi: , step: , ifm: , lvl: , obs: 
20160222072814 AUTOLOG! status: ready, low: , hi: , step: , ifm: , lvl: , obs: 
20160222072914 AUTOLOG! status: ready, low: , hi: , step: , ifm: , lvl: , obs: 
20160222073014 AUTOLOG! status: ready, low: , hi: , step: , ifm: , lvl: , obs: 
20160222073115 AUTOLOG! status: ready, low: , hi: , step: , ifm: , lvl: , obs: 
20160222073215 AUTOLOG! status: ready, low: , hi: , step: , ifm: , lvl: , obs: 
20160222073315 AUTOLOG! status: ready, low: , hi: , step: , ifm: , lvl: , obs: 
20160222073415 AUTOLOG! status: ready, low: , hi: , step: , ifm: , lvl: , obs: 
20160222073515 AUTOLOG! status: ready, low: , hi: , step: , ifm: , lvl: , obs: 
20160222073615 AUTOLOG! status: ready, low: , hi: , step: , ifm: , lvl: , obs: 
20160222073715 AUTOLOG! status: ready, low: , hi: , step: , ifm: , lvl: , obs: 
20160222073815 AUTOLOG! status: ready, low: , hi: , step: , ifm: , lvl: , obs: 
20160222073915 AUTOLOG! status: ready, low: , hi: , step: , ifm: , lvl: , obs: 
20160222074015 AUTOLOG! status: ready, low: , hi: , step: , ifm: , lvl: , obs: 
20160222074115 AUTOLOG! status: ready, low: , hi: , step: , ifm: , lvl: , obs: 
20160222074215 AUTOLOG! status: ready, low: , hi: , step: , ifm: , lvl: , obs: 
20160222074315 AUTOLOG! status: ready, low: , hi: , step: , ifm: , lvl: , obs: 
20160222074415 AUTOLOG! status: ready, low: , hi: , step: , ifm: , lvl: , obs: 
20160222074515 AUTOLOG! status: ready, low: , hi: , step: , ifm: , lvl: , obs: 
20160222074615 AUTOLOG! status: ready, low: , hi: , step: , ifm: , lvl: , obs: 
20160222074715 AUTOLOG! status: ready, low: , hi: , step: , ifm: , lvl: , obs: 
20160222131434 AUTOLOG! status: ready, low: , hi: , step: , ifm: , lvl: , obs: 
20160222131534 AUTOLOG! status: ready, low: , hi: , step: , ifm: , lvl: , obs: 
20160222131634 AUTOLOG! status: ready, low: , hi: , step: , ifm: , lvl: , obs: 
20160222131734 AUTOLOG! status: ready, low: , hi: , step: , ifm: , lvl: , obs: 
20160222131834 AUTOLOG! status: ready, low: , hi: , step: , ifm: , lvl: , obs: 
20160222131936 AUTOLOG! status: ready, low: , hi: , step: , ifm: , lvl: , obs: 
20160222132036 AUTOLOG! status: ready, low: , hi: , step: , ifm: , lvl: , obs: 
20160222132136 AUTOLOG! status: ready, low: , hi: , step: , ifm: , lvl: , obs: 
20160222132236 AUTOLOG! status: ready, low: , hi: , step: , ifm: , lvl: , obs: 
20160222132336 AUTOLOG! status: ready, low: , hi: , step: , ifm: , lvl: , obs: 
20160222132436 AUTOLOG! status: ready, low: , hi: , step: , ifm: , lvl: , obs: 
20160222132536 AUTOLOG! status: ready, low: , hi: , step: , ifm: , lvl: , obs: 
20160222132636 AUTOLOG! status: ready, low: , hi: , step: , ifm: , lvl: , obs: 
20160222132736 AUTOLOG! status: ready, low: , hi: , step: , ifm: , lvl: , obs: 
20160222132836 AUTOLOG! status: ready, low: , hi: , step: , ifm: , lvl: , obs: 
20160222132936 AUTOLOG! status: ready, low: , hi: , step: , ifm: , lvl: , obs: 
20160222133036 AUTOLOG! status: ready, low: , hi: , step: , ifm: , lvl: , obs: 
20160222133136 AUTOLOG! status: ready, low: , hi: , step: , ifm: , lvl: , obs: 
20160222133236 AUTOLOG! status: ready, low: , hi: , step: , ifm: , lvl: , obs: 
20160222133336 AUTOLOG! status: ready, low: , hi: , step: , ifm: , lvl: , obs: 
20160222133436 AUTOLOG! status: ready, low: , hi: , step: , ifm: , lvl: , obs: 
20160222133536 AUTOLOG! status: ready, low: , hi: , step: , ifm: , lvl: , obs: 
20160222133636 AUTOLOG! status: ready, low: , hi: , step: , ifm: , lvl: , obs: 
20160222133736 AUTOLOG! status: ready, low: , hi: , step: , ifm: , lvl: , obs: 
20160222133836 AUTOLOG! status: ready, low: , hi: , step: , ifm: , lvl: , obs: 
20160222133936 AUTOLOG! status: ready, low: , hi: , step: , ifm: , lvl: , obs: 
20160222134036 AUTOLOG! status: ready, low: , hi: , step: , ifm: , lvl: , obs: 
20160222134136 AUTOLOG! status: ready, low: , hi: , step: , ifm: , lvl: , obs: 
20160222134236 AUTOLOG! status: ready, low: , hi: , step: , ifm: , lvl: , obs: 
20160222134336 AUTOLOG! status: ready, low: , hi: , step: , ifm: , lvl: , obs: 
20160222134436 AUTOLOG! status: ready, low: , hi: , step: , ifm: , lvl: , obs: 
20160222134536 AUTOLOG! status: ready, low: , hi: , step: , ifm: , lvl: , obs: 
20160222134636 AUTOLOG! status: ready, low: , hi: , step: , ifm: , lvl: , obs: 
20160222134736 AUTOLOG! status: ready, low: , hi: , step: , ifm: , lvl: , obs: 
20160222134836 AUTOLOG! status: ready, low: , hi: , step: , ifm: , lvl: , obs: 
20160222134936 AUTOLOG! status: ready, low: , hi: , step: , ifm: , lvl: , obs: 
20160222135036 AUTOLOG! status: ready, low: , hi: , step: , ifm: , lvl: , obs: 
20160222135136 AUTOLOG! status: ready, low: , hi: , step: , ifm: , lvl: , obs: 
20160222135236 AUTOLOG! status: ready, low: , hi: , step: , ifm: , lvl: , obs: 
20160222135336 AUTOLOG! status: ready, low: , hi: , step: , ifm: , lvl: , obs: 
20160222135436 AUTOLOG! status: ready, low: , hi: , step: , ifm: , lvl: , obs: 
20160222135536 AUTOLOG! status: ready, low: , hi: , step: , ifm: , lvl: , obs: 
20160222135636 AUTOLOG! status: ready, low: , hi: , step: , ifm: , lvl: , obs: 
20160222135736 AUTOLOG! status: ready, low: , hi: , step: , ifm: , lvl: , obs: 
20160222135836 AUTOLOG! status: ready, low: , hi: , step: , ifm: , lvl: , obs: 
20160222135936 AUTOLOG! status: ready, low: , hi: , step: , ifm: , lvl: , obs: 
20160222140036 AUTOLOG! status: ready, low: , hi: , step: , ifm: , lvl: , obs: 
20160222140136 AUTOLOG! status: ready, low: , hi: , step: , ifm: , lvl: , obs: 
20160222140236 AUTOLOG! status: ready, low: , hi: , step: , ifm: , lvl: , obs: 
20160222140336 AUTOLOG! status: ready, low: , hi: , step: , ifm: , lvl: , obs: 
20160222140436 AUTOLOG! status: ready, low: , hi: , step: , ifm: , lvl: , obs: 
20160222140536 AUTOLOG! status: ready, low: , hi: , step: , ifm: , lvl: , obs: 
20160222140636 AUTOLOG! status: ready, low: , hi: , step: , ifm: , lvl: , obs: 
20160222140736 AUTOLOG! status: ready, low: , hi: , step: , ifm: , lvl: , obs: 
20160222140836 AUTOLOG! status: ready, low: , hi: , step: , ifm: , lvl: , obs: 
20160222140936 AUTOLOG! status: ready, low: , hi: , step: , ifm: , lvl: , obs: 
20160222141036 AUTOLOG! status: ready, low: , hi: , step: , ifm: , lvl: , obs: 
20160222141136 AUTOLOG! status: ready, low: , hi: , step: , ifm: , lvl: , obs: 
20160222141236 AUTOLOG! status: ready, low: , hi: , step: , ifm: , lvl: , obs: 
20160222141337 AUTOLOG! status: ready, low: , hi: , step: , ifm: , lvl: , obs: 
20160222141437 AUTOLOG! status: ready, low: , hi: , step: , ifm: , lvl: , obs: 
20160222141537 AUTOLOG! status: ready, low: , hi: , step: , ifm: , lvl: , obs: 
20160222141637 AUTOLOG! status: ready, low: , hi: , step: , ifm: , lvl: , obs: 
20160222141737 AUTOLOG! status: ready, low: , hi: , step: , ifm: , lvl: , obs: 
20160222141837 AUTOLOG! status: ready, low: , hi: , step: , ifm: , lvl: , obs: 
20160222141937 AUTOLOG! status: ready, low: , hi: , step: , ifm: , lvl: , obs: 
20160222142037 AUTOLOG! status: ready, low: , hi: , step: , ifm: , lvl: , obs: 
20160222142137 AUTOLOG! status: ready, low: , hi: , step: , ifm: , lvl: , obs: 
20160222142237 AUTOLOG! status: ready, low: , hi: , step: , ifm: , lvl: , obs: 
20160222142337 AUTOLOG! status: ready, low: , hi: , step: , ifm: , lvl: , obs: 
20160222142437 AUTOLOG! status: ready, low: , hi: , step: , ifm: , lvl: , obs: 
20160222142537 AUTOLOG! status: ready, low: , hi: , step: , ifm: , lvl: , obs: 
20160222142637 AUTOLOG! status: ready, low: , hi: , step: , ifm: , lvl: , obs: 
20160222142737 AUTOLOG! status: ready, low: , hi: , step: , ifm: , lvl: , obs: 
20160222142837 AUTOLOG! status: ready, low: , hi: , step: , ifm: , lvl: , obs: 
20160222142937 AUTOLOG! status: ready, low: , hi: , step: , ifm: , lvl: , obs: 
20160222143037 AUTOLOG! status: ready, low: , hi: , step: , ifm: , lvl: , obs: 
20160222143137 AUTOLOG! status: ready, low: , hi: , step: , ifm: , lvl: , obs: 
20160222143237 AUTOLOG! status: ready, low: , hi: , step: , ifm: , lvl: , obs: 
20160222143337 AUTOLOG! status: ready, low: , hi: , step: , ifm: , lvl: , obs: 
20160222143438 AUTOLOG! status: ready, low: , hi: , step: , ifm: , lvl: , obs: 
20160222143538 AUTOLOG! status: ready, low: , hi: , step: , ifm: , lvl: , obs: 
20160222143638 AUTOLOG! status: ready, low: , hi: , step: , ifm: , lvl: , obs: 
20160222143738 AUTOLOG! status: ready, low: , hi: , step: , ifm: , lvl: , obs: 
20160222143838 AUTOLOG! status: ready, low: , hi: , step: , ifm: , lvl: , obs: 
20160222143938 AUTOLOG! status: ready, low: , hi: , step: , ifm: , lvl: , obs: 
20160222144038 AUTOLOG! status: ready, low: , hi: , step: , ifm: , lvl: , obs: 
20160222144139 AUTOLOG! status: ready, low: , hi: , step: , ifm: , lvl: , obs: 
20160222144239 AUTOLOG! status: ready, low: , hi: , step: , ifm: , lvl: , obs: 
20160222144339 AUTOLOG! status: ready, low: , hi: , step: , ifm: , lvl: , obs: 
20160222144439 AUTOLOG! status: ready, low: , hi: , step: , ifm: , lvl: , obs: 
20160222144539 AUTOLOG! status: ready, low: , hi: , step: , ifm: , lvl: , obs: 
20160222144639 AUTOLOG! status: ready, low: , hi: , step: , ifm: , lvl: , obs: 
20160222144739 AUTOLOG! status: ready, low: , hi: , step: , ifm: , lvl: , obs: 
20160222144840 AUTOLOG! status: ready, low: , hi: , step: , ifm: , lvl: , obs: 
20160222144940 AUTOLOG! status: ready, low: , hi: , step: , ifm: , lvl: , obs: 
20160222145040 AUTOLOG! status: ready, low: , hi: , step: , ifm: , lvl: , obs: 
20160222145140 AUTOLOG! status: ready, low: , hi: , step: , ifm: , lvl: , obs: 
20160222145240 AUTOLOG! status: ready, low: , hi: , step: , ifm: , lvl: , obs: 
20160222145340 AUTOLOG! status: ready, low: , hi: , step: , ifm: , lvl: , obs: 
20160222145440 AUTOLOG! status: ready, low: , hi: , step: , ifm: , lvl: , obs: 
20160222145540 AUTOLOG! status: ready, low: , hi: , step: , ifm: , lvl: , obs: 
20160222145640 AUTOLOG! status: ready, low: , hi: , step: , ifm: , lvl: , obs: 
20160222145740 AUTOLOG! status: ready, low: , hi: , step: , ifm: , lvl: , obs: 
20160222145840 AUTOLOG! status: ready, low: , hi: , step: , ifm: , lvl: , obs: 
20160222145941 AUTOLOG! status: ready, low: , hi: , step: , ifm: , lvl: , obs: 
20160222150041 AUTOLOG! status: ready, low: , hi: , step: , ifm: , lvl: , obs: 
20160222150141 AUTOLOG! status: ready, low: , hi: , step: , ifm: , lvl: , obs: 
20160222150241 AUTOLOG! status: ready, low: , hi: , step: , ifm: , lvl: , obs: 
20160222150341 AUTOLOG! status: ready, low: , hi: , step: , ifm: , lvl: , obs: 
20160222150441 AUTOLOG! status: ready, low: , hi: , step: , ifm: , lvl: , obs: 
20160222150541 AUTOLOG! status: ready, low: , hi: , step: , ifm: , lvl: , obs: 
20160222150641 AUTOLOG! status: ready, low: , hi: , step: , ifm: , lvl: , obs: 
20160222150741 AUTOLOG! status: ready, low: , hi: , step: , ifm: , lvl: , obs: 
20160222150841 AUTOLOG! status: ready, low: , hi: , step: , ifm: , lvl: , obs: 
20160222150941 AUTOLOG! status: ready, low: , hi: , step: , ifm: , lvl: , obs: 
20160222151041 AUTOLOG! status: ready, low: , hi: , step: , ifm: , lvl: , obs: 
20160222151141 AUTOLOG! status: ready, low: , hi: , step: , ifm: , lvl: , obs: 
20160222151241 AUTOLOG! status: ready, low: , hi: , step: , ifm: , lvl: , obs: 
20160222151341 AUTOLOG! status: ready, low: , hi: , step: , ifm: , lvl: , obs: 
20160222151441 AUTOLOG! status: ready, low: , hi: , step: , ifm: , lvl: , obs: 
20160222151541 AUTOLOG! status: ready, low: , hi: , step: , ifm: , lvl: , obs: 
20160222151641 AUTOLOG! status: ready, low: , hi: , step: , ifm: , lvl: , obs: 
20160222151741 AUTOLOG! status: ready, low: , hi: , step: , ifm: , lvl: , obs: 
20160222151841 AUTOLOG! status: ready, low: , hi: , step: , ifm: , lvl: , obs: 
20160222151941 AUTOLOG! status: ready, low: , hi: , step: , ifm: , lvl: , obs: 
20160222152041 AUTOLOG! status: ready, low: , hi: , step: , ifm: , lvl: , obs: 
20160222152141 AUTOLOG! status: ready, low: , hi: , step: , ifm: , lvl: , obs: 
20160222152241 AUTOLOG! status: ready, low: , hi: , step: , ifm: , lvl: , obs: 
20160222152341 AUTOLOG! status: ready, low: , hi: , step: , ifm: , lvl: , obs: 
20160222152442 AUTOLOG! status: ready, low: , hi: , step: , ifm: , lvl: , obs: 
20160222152542 AUTOLOG! status: ready, low: , hi: , step: , ifm: , lvl: , obs: 
20160222152642 AUTOLOG! status: ready, low: , hi: , step: , ifm: , lvl: , obs: 
20160222152742 AUTOLOG! status: ready, low: , hi: , step: , ifm: , lvl: , obs: 
20160222152842 AUTOLOG! status: ready, low: , hi: , step: , ifm: , lvl: , obs: 
20160222152942 AUTOLOG! status: ready, low: , hi: , step: , ifm: , lvl: , obs: 
